\BOOKMARK [1][-]{section.1}{\376\377\000F\000i\000l\000e\000\040\000T\000y\000p\000e\000s}{}% 1
\BOOKMARK [2][-]{subsection.1.1}{\376\377\000C\000S\000V\000\040\000F\000i\000l\000e\000s}{section.1}% 2
\BOOKMARK [2][-]{subsection.1.2}{\376\377\000J\000S\000O\000N\000\040\000F\000i\000l\000e\000s}{section.1}% 3
\BOOKMARK [2][-]{subsection.1.3}{\376\377\000X\000M\000L\000\040\000F\000i\000l\000e}{section.1}% 4
\BOOKMARK [1][-]{section.2}{\376\377\000D\000a\000t\000a\000b\000a\000s\000e\000\040\000C\000o\000n\000c\000e\000p\000t\000s}{}% 5
\BOOKMARK [2][-]{subsection.2.1}{\376\377\000I\000n\000t\000r\000o\000d\000u\000c\000t\000i\000o\000n}{section.2}% 6
\BOOKMARK [2][-]{subsection.2.2}{\376\377\000C\000A\000P\000\040\000T\000h\000e\000o\000r\000e\000m\000\040\000f\000o\000r\000\040\000D\000i\000s\000t\000r\000i\000b\000u\000t\000e\000d\000\040\000D\000a\000t\000a\000b\000a\000s\000e\000s}{section.2}% 7
\BOOKMARK [1][-]{section.3}{\376\377\000E\000n\000t\000i\000t\000y\000-\000R\000e\000l\000a\000t\000i\000o\000n\000s\000h\000i\000p\000\040\000M\000o\000d\000e\000l}{}% 8
\BOOKMARK [2][-]{subsection.3.1}{\376\377\000I\000n\000t\000r\000o\000d\000u\000c\000t\000i\000o\000n}{section.3}% 9
\BOOKMARK [2][-]{subsection.3.2}{\376\377\000S\000u\000b\000c\000l\000a\000s\000s\000e\000s}{section.3}% 10
\BOOKMARK [2][-]{subsection.3.3}{\376\377\000K\000e\000y\000s}{section.3}% 11
\BOOKMARK [2][-]{subsection.3.4}{\376\377\000D\000e\000s\000i\000g\000n\000\040\000D\000e\000c\000i\000s\000i\000o\000n\000s}{section.3}% 12
\BOOKMARK [2][-]{subsection.3.5}{\376\377\000C\000o\000n\000v\000e\000r\000t\000i\000n\000g\000\040\000E\000/\000R\000\040\000D\000i\000a\000g\000r\000a\000m\000s\000\040\000t\000o\000\040\000R\000e\000l\000a\000t\000i\000o\000n\000s}{section.3}% 13
\BOOKMARK [1][-]{section.4}{\376\377\000R\000e\000l\000a\000t\000i\000o\000n\000a\000l\000\040\000D\000a\000t\000a\000b\000a\000s\000e\000\040\000D\000e\000s\000i\000g\000n}{}% 14
\BOOKMARK [2][-]{subsection.4.1}{\376\377\000I\000n\000t\000r\000o\000d\000u\000c\000t\000i\000o\000n}{section.4}% 15
\BOOKMARK [2][-]{subsection.4.2}{\376\377\000F\000u\000n\000c\000t\000i\000o\000n\000a\000l\000\040\000D\000e\000p\000e\000n\000d\000e\000n\000c\000y}{section.4}% 16
\BOOKMARK [2][-]{subsection.4.3}{\376\377\000C\000l\000o\000s\000u\000r\000e\000\040\000o\000f\000\040\000F\000u\000n\000c\000t\000i\000o\000n\000a\000l\000\040\000D\000e\000p\000e\000n\000d\000e\000n\000c\000i\000e\000s}{section.4}% 17
\BOOKMARK [2][-]{subsection.4.4}{\376\377\000D\000e\000t\000e\000r\000m\000i\000n\000i\000n\000g\000\040\000D\000e\000c\000o\000m\000p\000o\000s\000i\000t\000i\000o\000n\000s}{section.4}% 18
\BOOKMARK [1][-]{section.5}{\376\377\000T\000r\000a\000n\000s\000a\000c\000t\000i\000o\000n\000\040\000M\000a\000n\000a\000g\000e\000m\000e\000n\000t}{}% 19
\BOOKMARK [2][-]{subsection.5.1}{\376\377\000I\000n\000t\000r\000o\000d\000u\000c\000t\000i\000o\000n}{section.5}% 20
\BOOKMARK [2][-]{subsection.5.2}{\376\377\000S\000e\000r\000i\000a\000l\000i\000z\000a\000b\000l\000e\000\040\000S\000c\000h\000e\000d\000u\000l\000e\000s}{section.5}% 21
\BOOKMARK [2][-]{subsection.5.3}{\376\377\000C\000o\000n\000f\000l\000i\000c\000t\000-\000S\000e\000r\000i\000a\000l\000i\000z\000a\000b\000l\000e\000\040\000S\000c\000h\000e\000d\000u\000l\000e\000s}{section.5}% 22
\BOOKMARK [2][-]{subsection.5.4}{\376\377\000L\000o\000c\000k\000s}{section.5}% 23
\BOOKMARK [2][-]{subsection.5.5}{\376\377\000T\000y\000p\000e\000s\000\040\000o\000f\000\040\000L\000o\000c\000k\000s}{section.5}% 24
\BOOKMARK [2][-]{subsection.5.6}{\376\377\000T\000r\000a\000n\000s\000a\000c\000t\000i\000o\000n\000s\000\040\000i\000n\000\040\000S\000Q\000L\000i\000t\000e}{section.5}% 25
\BOOKMARK [2][-]{subsection.5.7}{\376\377\000R\000o\000l\000l\000b\000a\000c\000k\000s}{section.5}% 26
\BOOKMARK [2][-]{subsection.5.8}{\376\377\000D\000e\000a\000d\000l\000o\000c\000k}{section.5}% 27
\BOOKMARK [2][-]{subsection.5.9}{\376\377\000V\000a\000l\000i\000d\000a\000t\000i\000o\000n\000\040\000S\000c\000h\000e\000d\000u\000l\000i\000n\000g}{section.5}% 28
\BOOKMARK [2][-]{subsection.5.10}{\376\377\000T\000i\000m\000e\000s\000t\000a\000m\000p\000-\000B\000a\000s\000e\000d\000\040\000S\000c\000h\000e\000d\000u\000l\000i\000n\000g}{section.5}% 29
\BOOKMARK [2][-]{subsection.5.11}{\376\377\000C\000o\000m\000p\000a\000r\000i\000s\000o\000n\000\040\000o\000f\000\040\000C\000o\000n\000c\000u\000r\000r\000e\000n\000c\000y\000\040\000C\000o\000n\000t\000r\000o\000l\000\040\000M\000e\000t\000h\000o\000d\000s}{section.5}% 30
\BOOKMARK [1][-]{section.6}{\376\377\000R\000e\000l\000a\000t\000i\000o\000n\000a\000l\000\040\000D\000a\000t\000a\000b\000a\000s\000e\000\040\000M\000o\000d\000e\000l}{}% 31
\BOOKMARK [2][-]{subsection.6.1}{\376\377\000S\000t\000r\000u\000c\000t\000u\000r\000e\000\040\000o\000f\000\040\000R\000e\000l\000a\000t\000i\000o\000n\000a\000l\000\040\000D\000a\000t\000a\000b\000a\000s\000e\000s}{section.6}% 32
\BOOKMARK [1][-]{section.7}{\376\377\000S\000Q\000L}{}% 33
\BOOKMARK [2][-]{subsection.7.1}{\376\377\000I\000n\000t\000r\000o\000d\000u\000c\000t\000i\000o\000n\000\040\000t\000o\000\040\000S\000Q\000L}{section.7}% 34
\BOOKMARK [2][-]{subsection.7.2}{\376\377\000S\000Q\000L\000\040\000S\000t\000y\000l\000e}{section.7}% 35
\BOOKMARK [2][-]{subsection.7.3}{\376\377\000S\000Q\000L\000i\000t\000e\000\040\000D\000a\000t\000a\000t\000y\000p\000e\000s}{section.7}% 36
\BOOKMARK [2][-]{subsection.7.4}{\376\377\000A\000d\000d\000i\000n\000g\000\040\000D\000a\000t\000a}{section.7}% 37
\BOOKMARK [2][-]{subsection.7.5}{\376\377\000U\000p\000d\000a\000t\000i\000n\000g\000\040\000D\000a\000t\000a}{section.7}% 38
\BOOKMARK [2][-]{subsection.7.6}{\376\377\000R\000e\000m\000o\000v\000i\000n\000g\000\040\000D\000a\000t\000a}{section.7}% 39
\BOOKMARK [2][-]{subsection.7.7}{\376\377\000Q\000u\000e\000r\000y\000i\000n\000g}{section.7}% 40
\BOOKMARK [2][-]{subsection.7.8}{\376\377\000S\000Q\000L\000\040\000O\000p\000e\000r\000a\000t\000o\000r\000s}{section.7}% 41
\BOOKMARK [2][-]{subsection.7.9}{\376\377\000S\000Q\000L\000\040\000F\000u\000n\000c\000t\000i\000o\000n\000s}{section.7}% 42
\BOOKMARK [2][-]{subsection.7.10}{\376\377\000S\000Q\000L\000\040\000A\000g\000g\000r\000e\000g\000a\000t\000o\000r\000s}{section.7}% 43
\BOOKMARK [2][-]{subsection.7.11}{\376\377\000C\000o\000l\000l\000a\000t\000i\000o\000n\000s}{section.7}% 44
\BOOKMARK [2][-]{subsection.7.12}{\376\377\000C\000a\000s\000e\000\040\000E\000x\000p\000r\000e\000s\000s\000i\000o\000n}{section.7}% 45
\BOOKMARK [2][-]{subsection.7.13}{\376\377\000C\000o\000l\000u\000m\000n\000\040\000C\000o\000n\000s\000t\000r\000a\000i\000n\000t\000s}{section.7}% 46
\BOOKMARK [2][-]{subsection.7.14}{\376\377\000T\000a\000b\000l\000e\000\040\000C\000o\000n\000s\000t\000r\000a\000i\000n\000t\000s}{section.7}% 47
\BOOKMARK [2][-]{subsection.7.15}{\376\377\000Q\000u\000a\000l\000i\000f\000i\000e\000d\000\040\000T\000a\000b\000l\000e\000\040\000N\000a\000m\000e\000s}{section.7}% 48
\BOOKMARK [2][-]{subsection.7.16}{\376\377\000S\000Q\000L\000\040\000U\000n\000i\000o\000n}{section.7}% 49
\BOOKMARK [2][-]{subsection.7.17}{\376\377\000S\000Q\000L\000\040\000J\000o\000i\000n\000s}{section.7}% 50
\BOOKMARK [2][-]{subsection.7.18}{\376\377\000S\000Q\000L\000\040\000S\000u\000b\000q\000u\000e\000r\000i\000e\000s}{section.7}% 51
\BOOKMARK [2][-]{subsection.7.19}{\376\377\000G\000r\000o\000u\000p\000\040\000B\000y}{section.7}% 52
\BOOKMARK [2][-]{subsection.7.20}{\376\377\000D\000a\000t\000e\000s\000\040\000a\000n\000d\000\040\000T\000i\000m\000e\000s}{section.7}% 53
\BOOKMARK [2][-]{subsection.7.21}{\376\377\000S\000t\000o\000r\000e\000d\000\040\000P\000r\000o\000c\000e\000d\000u\000r\000e\000s}{section.7}% 54
\BOOKMARK [2][-]{subsection.7.22}{\376\377\000T\000r\000i\000g\000g\000e\000r\000s}{section.7}% 55
\BOOKMARK [2][-]{subsection.7.23}{\376\377\000D\000D\000L\000\040\000O\000p\000e\000r\000a\000t\000i\000o\000n\000s}{section.7}% 56
\BOOKMARK [2][-]{subsection.7.24}{\376\377\000V\000i\000e\000w\000s}{section.7}% 57
\BOOKMARK [2][-]{subsection.7.25}{\376\377\000I\000n\000d\000i\000c\000e\000s}{section.7}% 58
\BOOKMARK [2][-]{subsection.7.26}{\376\377\000M\000i\000s\000c\000e\000l\000l\000a\000n\000e\000o\000u\000s\000\040\000S\000Q\000L}{section.7}% 59
\BOOKMARK [1][-]{subsection.7.26}{\376\377\000O\000t\000h\000e\000r\000\040\000N\000o\000t\000e\000s}{}% 60
\BOOKMARK [2][-]{section*.15}{\376\377\000Q\000u\000e\000r\000y\000\040\000P\000l\000a\000n\000n\000i\000n\000g\000/\000I\000n\000d\000i\000c\000e\000s}{subsection.7.26}% 61
